app/build/intermediates/manifest_merge_blame_file/debug/manifest-merger-blame-debug-report.txt
1<?xml version="1.0" encoding="utf-8"?>
2<manifest xmlns:android="http://schemas.android.com/apk/res/android"
3    package="com.example.productdetail"
4    android:versionCode="1"
5    android:versionName="1.0" >
6
7    <uses-sdk
8        android:minSdkVersion="24"
8-->src/main/AndroidManifest.xml
9        android:targetSdkVersion="30" />
9-->src/main/AndroidManifest.xml
10
11    <uses-permission android:name="android.permission.ACCESS_WIFI_STATE" />
11-->src/main/AndroidManifest.xml:5:5-76
11-->src/main/AndroidManifest.xml:5:22-73
12    <uses-permission android:name="android.permission.ACCESS_NETWORK_STATE" />
12-->src/main/AndroidManifest.xml:6:5-79
12-->src/main/AndroidManifest.xml:6:22-76
13    <uses-permission android:name="android.permission.INTERNET" />
13-->src/main/AndroidManifest.xml:7:5-67
13-->src/main/AndroidManifest.xml:7:22-64
14
15    <application
15-->src/main/AndroidManifest.xml:9:5-30:19
16        android:allowBackup="true"
16-->src/main/AndroidManifest.xml:10:9-35
17        android:appComponentFactory="androidx.core.app.CoreComponentFactory"
17-->[androidx.core:core:1.3.1] AndroidManifest.xml:24:18-86
18        android:debuggable="true"
19        android:extractNativeLibs="false"
20        android:icon="@mipmap/ic_launcher"
20-->src/main/AndroidManifest.xml:11:9-43
21        android:label="@string/app_name"
21-->src/main/AndroidManifest.xml:12:9-41
22        android:roundIcon="@mipmap/ic_launcher_round"
22-->src/main/AndroidManifest.xml:13:9-54
23        android:supportsRtl="true"
23-->src/main/AndroidManifest.xml:14:9-35
24        android:testOnly="true"
25        android:theme="@style/Theme.ProductDetail" >
25-->src/main/AndroidManifest.xml:15:9-51
26        <activity
26-->src/main/AndroidManifest.xml:16:9-18:68
27            android:name="com.example.productdetail.product.activity.ProductDetailActivity"
27-->src/main/AndroidManifest.xml:16:19-73
28            android:screenOrientation="portrait"
28-->src/main/AndroidManifest.xml:17:13-49
29            android:theme="@style/AppTheme.NoActionBar" />
29-->src/main/AndroidManifest.xml:18:13-56
30        <activity
30-->src/main/AndroidManifest.xml:19:9-22:68
31            android:name="com.example.productdetail.product.activity.ProductActivity"
31-->src/main/AndroidManifest.xml:20:13-61
32            android:screenOrientation="portrait"
32-->src/main/AndroidManifest.xml:21:13-49
33            android:theme="@style/AppTheme.NoActionBar" />
33-->src/main/AndroidManifest.xml:22:13-56
34        <activity android:name="com.example.productdetail.MainActivity" >
34-->src/main/AndroidManifest.xml:23:9-29:20
34-->src/main/AndroidManifest.xml:23:19-47
35            <intent-filter>
35-->src/main/AndroidManifest.xml:24:13-28:29
36                <action android:name="android.intent.action.MAIN" />
36-->src/main/AndroidManifest.xml:25:17-69
36-->src/main/AndroidManifest.xml:25:25-66
37
38                <category android:name="android.intent.category.LAUNCHER" />
38-->src/main/AndroidManifest.xml:27:17-77
38-->src/main/AndroidManifest.xml:27:27-74
39            </intent-filter>
40        </activity>
41    </application>
42
43</manifest>